<?xml version="1.0" encoding="UTF-8"?>
<!-- Generated by org.testng.reporters.JUnitReportReporter -->
<testsuite hostname="MAC-LAP-101" name="Zephyr.Login" tests="1" failures="0" timestamp="9 Aug 2018 11:04:05 GMT" time="19.769" errors="0">
  <testcase name="login" time="19.769" classname="Zephyr.Login"/>
</testsuite> <!-- Zephyr.Login -->
