<?xml version="1.0" encoding="UTF-8"?>
<!-- Generated by org.testng.reporters.JUnitReportReporter -->
<testsuite hostname="MAC-LAP-101" name="Zephyr.Login" tests="1" failures="0" timestamp="27 Jul 2018 06:05:14 GMT" time="30.775" errors="0">
  <testcase name="login" time="30.775" classname="Zephyr.Login"/>
</testsuite> <!-- Zephyr.Login -->
