<?xml version="1.0" encoding="UTF-8"?>
<!-- Generated by org.testng.reporters.JUnitReportReporter -->
<testsuite hostname="MAC-LAP-101" name="Zephyr.Login" tests="1" failures="0" timestamp="30 Jul 2018 05:38:48 GMT" time="18.552" errors="0">
  <testcase name="login" time="18.552" classname="Zephyr.Login"/>
</testsuite> <!-- Zephyr.Login -->
