<?xml version="1.0" encoding="UTF-8"?>
<!-- Generated by org.testng.reporters.JUnitReportReporter -->
<testsuite hostname="MAC-LAP-101" name="Zephyr.Login" tests="1" failures="0" timestamp="3 Aug 2018 08:13:26 GMT" time="14.324" errors="0">
  <testcase name="login" time="14.324" classname="Zephyr.Login"/>
</testsuite> <!-- Zephyr.Login -->
