<?xml version="1.0" encoding="UTF-8"?>
<!-- Generated by org.testng.reporters.JUnitReportReporter -->
<testsuite hostname="MAC-LAP-101" name="Zephyr.Login" tests="1" failures="0" timestamp="7 Aug 2018 05:29:22 GMT" time="33.897" errors="0">
  <testcase name="login" time="33.897" classname="Zephyr.Login"/>
</testsuite> <!-- Zephyr.Login -->
